2016-12-04 05:41:24 Notice: Deprecated (16384): Property $theme is deprecated. Use $this->viewBuilder()->theme() instead in beforeRender(). in [/var/www/html/cakephp-3-1-6/vendor/cakephp/cakephp/src/View/ViewVarsTrait.php, line 104]
Trace:
Cake\Error\BaseErrorHandler::handleError() - CORE/src/Error/BaseErrorHandler.php, line 140
Cake\Controller\Controller::createView() - CORE/src/View/ViewVarsTrait.php, line 104
Cake\Controller\Controller::render() - CORE/src/Controller/Controller.php, line 610
App\Controller\PagesController::display() - APP/Controller/PagesController.php, line 57
Cake\Controller\Controller::invokeAction() - CORE/src/Controller/Controller.php, line 429
Cake\Routing\Dispatcher::_invoke() - CORE/src/Routing/Dispatcher.php, line 114
Cake\Routing\Dispatcher::dispatch() - CORE/src/Routing/Dispatcher.php, line 87
[main] - ROOT/webroot/index.php, line 37



2016-12-04 05:41:24 Notice: Deprecated (16384): Property $theme is deprecated. Use $this->viewBuilder()->theme() instead in beforeRender(). in [/var/www/html/cakephp-3-1-6/vendor/cakephp/cakephp/src/View/ViewVarsTrait.php, line 104]
Trace:
Cake\Error\BaseErrorHandler::handleError() - CORE/src/Error/BaseErrorHandler.php, line 140
Cake\Controller\Controller::createView() - CORE/src/View/ViewVarsTrait.php, line 104
Cake\Controller\Controller::render() - CORE/src/Controller/Controller.php, line 610
App\Controller\PagesController::display() - APP/Controller/PagesController.php, line 57
Cake\Controller\Controller::invokeAction() - CORE/src/Controller/Controller.php, line 429
Cake\Routing\Dispatcher::_invoke() - CORE/src/Routing/Dispatcher.php, line 114
Cake\Routing\Dispatcher::dispatch() - CORE/src/Routing/Dispatcher.php, line 87
[main] - ROOT/webroot/index.php, line 37



2016-12-04 05:43:34 Notice: Deprecated (16384): Property $theme is deprecated. Use $this->viewBuilder()->theme() instead in beforeRender(). in [/var/www/html/cakephp-3-1-6/vendor/cakephp/cakephp/src/View/ViewVarsTrait.php, line 104]
Trace:
Cake\Error\BaseErrorHandler::handleError() - CORE/src/Error/BaseErrorHandler.php, line 140
Cake\Controller\Controller::createView() - CORE/src/View/ViewVarsTrait.php, line 104
Cake\Controller\Controller::render() - CORE/src/Controller/Controller.php, line 610
App\Controller\PagesController::display() - APP/Controller/PagesController.php, line 57
Cake\Controller\Controller::invokeAction() - CORE/src/Controller/Controller.php, line 429
Cake\Routing\Dispatcher::_invoke() - CORE/src/Routing/Dispatcher.php, line 114
Cake\Routing\Dispatcher::dispatch() - CORE/src/Routing/Dispatcher.php, line 87
[main] - ROOT/webroot/index.php, line 37



2016-12-04 05:43:34 Notice: Deprecated (16384): Property $theme is deprecated. Use $this->viewBuilder()->theme() instead in beforeRender(). in [/var/www/html/cakephp-3-1-6/vendor/cakephp/cakephp/src/View/ViewVarsTrait.php, line 104]
Trace:
Cake\Error\BaseErrorHandler::handleError() - CORE/src/Error/BaseErrorHandler.php, line 140
Cake\Controller\Controller::createView() - CORE/src/View/ViewVarsTrait.php, line 104
Cake\Controller\Controller::render() - CORE/src/Controller/Controller.php, line 610
App\Controller\PagesController::display() - APP/Controller/PagesController.php, line 57
Cake\Controller\Controller::invokeAction() - CORE/src/Controller/Controller.php, line 429
Cake\Routing\Dispatcher::_invoke() - CORE/src/Routing/Dispatcher.php, line 114
Cake\Routing\Dispatcher::dispatch() - CORE/src/Routing/Dispatcher.php, line 87
[main] - ROOT/webroot/index.php, line 37



